
****************************************************************
****************************************************************
**                                                            **
**                                                            **
**        CCC     OO      SSS    M    M     OO      SSS       **
**       C       O  O    S       MM  MM    O  O    S          **
**       C       O  O     SS     M MM M    O  O     SS        **
**       C       O  O       S    M    M    O  O       S       **
**        CCC     OO     SSS     M    M     OO     SSS        **
**                                                            **
**                                                            **
**             SOLIDWORKS Simulation 2024 - SP5               **
**                 Simulation Premium Package                 **
**           Distributed By: SOLIDWORKS Corporation           **
**               21255 Burbank Blvd Suite 400                 **
**               Woodland Hills, California 91367             **
**               Telephone Number (774)556-3100               **
**         Copyright 1988-2018 SOLIDWORKS Corporation         **
**                                                            **
****************************************************************
****************************************************************

Problem name: C:\Users\student\Documents\MAS309\Solidw
Date        : 01/27/2025     Time:   10:04:57


 SYSTEM OF UNITS:
 International System of Units, SI, is used for all input/output data.
 Common Quantities:
 Length:meter, Mass:kilogram, Time:second, Temperature:kelvin
 Force:newton, Pressure also stress:pascal, Energy:joule, Power:watt

 NUMBER OF PHYSICAL CORES USED TO RUN SIMULATION:  4

    -------------------------------------------------------------------------
    |            M A S S   M O M E N T   I N F O R M A T I O N              |
    |-----------------------------------------------------------------------|
    |MASS    0.537057E+03   |VOLUME  0.688535E-01   |WEIGHT  0.526853E+04   |
    |-----------------------------------------------------------------------|
    | MASS MOMENT OF INERTIA W.R.T. C.G.                                    |
    |-----------------------------------------------------------------------|
    |IX      0.193495E+04   |IY      0.239729E+03   |IZ      0.196455E+04   |
    |-----------------------------------------------------------------------|
    | MASS PRODUCT OF INERTIA W.R.T. C.G.                                   |
    |-----------------------------------------------------------------------|
    |PXY     0.149314E+03   |PXZ     0.251938E+02   |PYZ     0.539000E+02   |
    |-----------------------------------------------------------------------|
    | RADII OF GYRATION W.R.T. C.G.                                         |
    |-----------------------------------------------------------------------|
    |RX      0.189813E+01   |RY      0.668114E+00   |RZ      0.191259E+01   |
    |-----------------------------------------------------------------------|
    | CENTER OF GRAVITY                                                     |
    |-----------------------------------------------------------------------|
    |CGx     0.639423E-01   |CGy    -0.300815E+01   |CGz     0.879124E-01   |
    |-----------------------------------------------------------------------|
    | PRINCIPAL MASS MOMENT OF INERTIA                                      |
    |-----------------------------------------------------------------------|
    |P1      0.197954E+04   |P2      0.193481E+04   |P3      0.224883E+03   |
    |-----------------------------------------------------------------------|
    | PRINCIPAL RADII OF GYRATION                                           |
    |-----------------------------------------------------------------------|
    |R1      0.191987E+01   |R2      0.189806E+01   |R3      0.647094E+00   |
    |-----------------------------------------------------------------------|
    | PRINCIPAL AXES (DIRECTION COSINES IN ROWS W.R.T C.G)                  |
    |-----------------------------------------------------------------------|
    |N_11    0.543321E+00   |N_12   -0.206280E-01   |N_13   -0.839271E+00   |
    |-----------------------------------------------------------------------|
    |N_21    0.834943E+00   |N_22   -0.908068E-01   |N_23    0.542793E+00   |
    |-----------------------------------------------------------------------|
    |N_31   -0.874083E-01   |N_32   -0.995655E+00   |N_33   -0.321141E-01   |
    -------------------------------------------------------------------------

    Note: In the above table, WEIGHT is computed based on the user
          defined acceleration for the first Load Case




  C O N T R O L  I N F O R M A T I O N                  

   CURRENT RESTRAINT SET . . . . . . . . . . . (BC_SET)  =           1

   NUMBER OF LOAD CASES  . . . . . . . . . . . (NLCASE)  =           1
   SOLUTION MODE . . . . . . . . . . . . . . . (MODEX)   =           2
      EQ. 0, STATIC ANALYSIS                              
      EQ. 1, BUCKLING ANALYSIS                            
      EQ. 2, DYNAMIC ANALYSIS                             
      EQ. 3, DROP TEST                                    

   SOLVER TYPE . . . . . . . . . . . . . . . . .(ISOL)   =           5
      EQ. 0, DIRECT SPARSE SOLVER                         
      EQ. 1, DIRECT SKYLINE SOLVER                        
      EQ. 2, ITERATIVE SOLVER                             
      EQ. 3, EXPLICIT INTEGRATION                         
      EQ. 4, LARGE PROBLEM DIRECT SPARSE SOLVER           
      EQ. 5, INTEL DIRECT SPARSE SOLVER                   
      EQ. 6, INTEL NETWORK SPARSE SOLVER                  
      EQ. 7, SINGULAR VALUE DECOMPOSTION (SVD)            

   THERMAL LOADING FLAG . . . . . . . . . . . .(ITHERM)  =           0
      EQ. 0, NO THERMAL EFFECTS CONSIDERED                
      EQ. 1, ADD TEMPERATURE EFFECT                       
   GRAVITY LOADING FLAG . . . . . . . . . . . .(IGRAV)   =           1
      EQ. 0, NO GRAVITY LOADING CONSIDERED                
      EQ. 1, ADD GRAVITY LOADING EFFECT                   
   CENTRIFUGAL LOADING FLAG . . . . . . . . . .(ICNTRF)  =           0
      EQ. 0, NO CENTRIFUGAL LOADING CONSIDERED            
      EQ. 1, ADD CENTRIFUGAL LOADING EFFECT               
   IN-PLANE STIFFENING FLAG . . . . . . . . . .(INPLN)   =           1
      EQ. 0, NO IN-PLANE EFFECTS CONSIDERED               
      EQ. 1, IN-PLANE EFFECTS CONSIDERED                  
   SOFT SPRING ADDITION FLAG . . . . . . . . . (ISOFT)   =           0
      EQ. 0, NO SOFT SPRING OPTION                        
      EQ. 1, SOFT SPRING ADDED                            

   SAVE DECOMPOSED STIFFNESS MATRIX FLAG . . . (ISAVK)   =           0
      EQ. 0, DO NOT SAVE DECOMPOSED K                     
      EQ. 1, SAVE DECOMPOSED K                            
   FORM STIFFNESS MATRIX FLAG . . . . . . . . .(IFORMK)  =           0
      EQ. 0, FORM STIFFNESS MATRIX                        
      EQ. 1, USE EXISTING DECOMPOSED STIFFNESS MATRIX     

   SPIN SOFTENING FLAG . . . . . . . . . . . . (ISPIN)   =           0
      EQ. 0, NO SPIN SOFTENING EFFECTS CONSIDERED         
      EQ. 1, SPIN SOFTENING EFFECTS CONSIDERED            
   INERTIA RELIEF FLAG  . . . . . . . . . . . .(IFORMK)  =           0
      EQ. 0, NO INERITA RELIEF EFFECTS CONSIDERED         
      EQ. 1, INERITA RELIEF EFFECTS CONSIDERED            
   RIGID CONNECTIONS FLAG  . . . . . . . . . . (IRIGID)  =           0
      EQ. 0, HINGE CONNECTIONS BETWEEN SOLIDS & SHELLS    
      EQ. 1, RIGID CONNECTIONS BETWEEN SOLIDS & SHELLS    


  T O T A L  S Y S T E M  D A T A                        
   NUMBER OF EQUATIONS . . . . . . . . . . . . . .(NEQ)  =     1662189
   MEAN HALF BANDWIDTH . . . . . . . . . . . . . .(MM )  =          87
   NUMBER OF ELEMENTS. . . . . . . . . . . . . . .(NUME) =      672446
   NUMBER OF NODAL POINTS. . . . . . . . . . . . .(NUMNP)=      555709

  I N T E R A C T I O N  D A T A                         
   SURFACE-TO-SURFACE BONDING ALGORITHM . . . .(INTRBALG)=           1
      EQ. 0, STANDARD                                     
      EQ. 1, ADVANCED                                     

   ORIGINAL NO. OF MATRIX ELEMENTS . . . . . . . .(NWK)  =    58401893
1

    -------------------------------------------------------------------------
    |            M A S S   M O M E N T   I N F O R M A T I O N              |
    |-----------------------------------------------------------------------|
    |MASS    0.800760E+03   |VOLUME  0.687607E-01   |WEIGHT  0.785546E+04   |
    |-----------------------------------------------------------------------|
    | MASS MOMENT OF INERTIA W.R.T. C.G.                                    |
    |-----------------------------------------------------------------------|
    |IX      0.245973E+04   |IY      0.289921E+03   |IZ      0.247262E+04   |
    |-----------------------------------------------------------------------|
    | MASS PRODUCT OF INERTIA W.R.T. C.G.                                   |
    |-----------------------------------------------------------------------|
    |PXY     0.211548E+03   |PXZ     0.469754E+01   |PYZ    -0.259452E+02   |
    |-----------------------------------------------------------------------|
    | RADII OF GYRATION W.R.T. C.G.                                         |
    |-----------------------------------------------------------------------|
    |RX      0.175264E+01   |RY      0.601711E+00   |RZ      0.175723E+01   |
    |-----------------------------------------------------------------------|
    | CENTER OF GRAVITY                                                     |
    |-----------------------------------------------------------------------|
    |CGx    -0.537183E-02   |CGy    -0.355776E+01   |CGz     0.176676E+00   |
    |-----------------------------------------------------------------------|
    | PRINCIPAL MASS MOMENT OF INERTIA                                      |
    |-----------------------------------------------------------------------|
    |P1      0.248457E+04   |P2      0.246851E+04   |P3      0.269196E+03   |
    |-----------------------------------------------------------------------|
    | PRINCIPAL RADII OF GYRATION                                           |
    |-----------------------------------------------------------------------|
    |R1      0.176147E+01   |R2      0.175576E+01   |R3      0.579806E+00   |
    |-----------------------------------------------------------------------|
    | PRINCIPAL AXES (DIRECTION COSINES IN ROWS W.R.T C.G)                  |
    |-----------------------------------------------------------------------|
    |N_11    0.847112E+00   |N_12   -0.878512E-01   |N_13   -0.524103E+00   |
    |-----------------------------------------------------------------------|
    |N_21    0.522283E+00   |N_22   -0.405710E-01   |N_23    0.851807E+00   |
    |-----------------------------------------------------------------------|
    |N_31   -0.960956E-01   |N_32   -0.995305E+00   |N_33    0.115151E-01   |
    -------------------------------------------------------------------------


  STATUS OF THERMAL EFFECTS FOR THIS LOAD CASE:
  ---------------------------------------------

    - Thermal flag is off (no thermal effect)


1

    -------------------------------------------------------------------------
    |            M A S S   M O M E N T   I N F O R M A T I O N              |
    |-----------------------------------------------------------------------|
    |MASS    0.800760E+03   |VOLUME  0.687607E-01   |WEIGHT  0.785546E+04   |
    |-----------------------------------------------------------------------|
    | MASS MOMENT OF INERTIA W.R.T. C.G.                                    |
    |-----------------------------------------------------------------------|
    |IX      0.245973E+04   |IY      0.289921E+03   |IZ      0.247262E+04   |
    |-----------------------------------------------------------------------|
    | MASS PRODUCT OF INERTIA W.R.T. C.G.                                   |
    |-----------------------------------------------------------------------|
    |PXY     0.211548E+03   |PXZ     0.469754E+01   |PYZ    -0.259452E+02   |
    |-----------------------------------------------------------------------|
    | RADII OF GYRATION W.R.T. C.G.                                         |
    |-----------------------------------------------------------------------|
    |RX      0.175264E+01   |RY      0.601711E+00   |RZ      0.175723E+01   |
    |-----------------------------------------------------------------------|
    | CENTER OF GRAVITY                                                     |
    |-----------------------------------------------------------------------|
    |CGx    -0.537183E-02   |CGy    -0.355776E+01   |CGz     0.176676E+00   |
    |-----------------------------------------------------------------------|
    | PRINCIPAL MASS MOMENT OF INERTIA                                      |
    |-----------------------------------------------------------------------|
    |P1      0.248457E+04   |P2      0.246851E+04   |P3      0.269196E+03   |
    |-----------------------------------------------------------------------|
    | PRINCIPAL RADII OF GYRATION                                           |
    |-----------------------------------------------------------------------|
    |R1      0.176147E+01   |R2      0.175576E+01   |R3      0.579806E+00   |
    |-----------------------------------------------------------------------|
    | PRINCIPAL AXES (DIRECTION COSINES IN ROWS W.R.T C.G)                  |
    |-----------------------------------------------------------------------|
    |N_11    0.847112E+00   |N_12   -0.878512E-01   |N_13   -0.524103E+00   |
    |-----------------------------------------------------------------------|
    |N_21    0.522283E+00   |N_22   -0.405710E-01   |N_23    0.851807E+00   |
    |-----------------------------------------------------------------------|
    |N_31   -0.960956E-01   |N_32   -0.995305E+00   |N_33    0.115151E-01   |
    -------------------------------------------------------------------------
   MAXIMUM MEMORY USED IN MEGABYTES . . . . . . (MAXMB)  =        8514

   MAXIMUM MEMORY USED IN MEGABYTES . . . . . . (MAXMB)  =          17




   S O L U T I O N   P A R A M E T E R S
    MAX. NO. OF EIGENVALUES CALCULATED . . . (NFR)=         8
    MASS TYPE: 1-LUMPED,2-CONSISTENT. . . . (MASS)=         1
    MODE SHAPE PRINT FLAG. . . . . . . . . (MPRNT)=         0
    INTERMEDIATE SOLUTION PRINT FLAG . . . .(IFPR)=         0
    STURM SEQUENCE CHECK FLAG. . . . . . . .(IFSS)=         0
    MAXIMUM NUMBER OF ITERATIONS . . . . . (ITMAX)=      1000
    FREQUENCY SHIFT FLAG . . . . . . . . . (IFRSH)=         0
    USER DEFINED FREQUENCY SHIFT . . . . . .(FRSH)= 0.0000000E+00
    CONVERGENCE TOLERANCE. . . . . . . . . .(RTOL)= 0.1000000E-04
    COMPOSITE MODAL DAMPING CALC. FLAG . . .(IMDC)=         0
    MODAL ACCELERATION FLAG. . . . . . . . .(IMAM)=         0



   S U B S P A C E   I T E R A T I O N


     ITERATION  NUMBER     1

     ITERATION  NUMBER     2

     ITERATION  NUMBER     3

     ITERATION  NUMBER     4

     ITERATION  NUMBER     5

     ITERATION  NUMBER     6

     ITERATION  NUMBER     7

     ITERATION  NUMBER     8




 CONVERGENCE REACHED FOR RTOL 0.1000E-04


  F R E Q U E N C Y   A N A L Y S I S  
                 by 
  S U B S P A C E   A L G O R I T H M


     FREQUENCY       FREQUENCY       FREQUENCY       PERIOD
      NUMBER         (RAD/SEC)      (CYCLES/SEC)    (SECONDS)

         1        0.4071775E+02    0.6480430E+01  0.1543107E+00
         2        0.8551083E+02    0.1360947E+02  0.7347824E-01
         3        0.9637245E+02    0.1533815E+02  0.6519691E-01
         4        0.1505085E+03    0.2395417E+02  0.4174638E-01
         5        0.1656159E+03    0.2635859E+02  0.3793830E-01
         6        0.1737027E+03    0.2764564E+02  0.3617207E-01
         7        0.1982484E+03    0.3155221E+02  0.3169350E-01
         8        0.2165486E+03    0.3446478E+02  0.2901513E-01


        ************************************************************
        *      M O D A L   B A S E   P A R T I C I P A T I O N     *
        ************************************************************

 MODE          PARTICIPATION FACTORS                     MODAL MASSES
  No.      x-dir       y-dir       z_dir          Mx        My        Mz

    1   -3.1732     0.12357E-01  5.4550       10.069     .15269E-03 29.757    
    2   -13.032     -2.0831     -7.5369       169.83     4.3393     56.804    
    3    7.6882     0.50291E-01 -13.334       59.108     .25292E-02 177.80    
    4   0.38198     -8.3990     0.39318       .14591     70.543     .15459    
    5    6.0554     -4.7662      3.4914       36.668     22.717     12.190    
                                              __________ __________ __________

                      TOTAL EFFECTIVE MASS  = 275.82     97.602     276.70    


                                                          *
               INDIVIDUAL MODAL MASS            CUMULATIVE  EFFECTIVE MASS
               ---------------------            --------------------------
                    TOTAL MASS                         TOTAL MASS        

 MODE        Mx          My         Mz         Cum. Mx    Cum. My    Cum. Mz
  No.       ----        ----       ----        -------    -------    -------
            MASS        MASS       MASS          MASS       MASS       MASS

    1      0.126E-01   0.191E-06   0.372E-01    0.126E-01  0.191E-06  0.372E-01
    2      0.212       0.542E-02   0.709E-01    0.225      0.542E-02  0.108    
    3      0.738E-01   0.316E-05   0.222        0.298      0.542E-02  0.330    
    4      0.182E-03   0.881E-01   0.193E-03    0.299      0.935E-01  0.330    
    5      0.458E-01   0.284E-01   0.152E-01    0.344      0.122      0.346    

                    TOTAL EFFECTIVE MASS
                    --------------------  =     0.344      0.122      0.346
                         TOTAL MASS       


 Note: Cumulative value at each mode is the sum of the values
       up to and including that mode
 _____________________________________________________________________________

   MAXIMUM MEMORY USED IN MEGABYTES . . . . . . (MAXMB)  =        7409




   S O L U T I O N   T I M E	 L O G  (sec)
     INPUT PHASE . . . . . . . . . . . . . . . . . .       103
     ASSEMBLAGE OF THE STIFFNESS MATRIX  . . . . . .        16
     ASSEMBLAGE OF THE MASS MATRIX . . . . . . . . .        51
     DECOMPOSITION OF THE STIFFNESS MATRIX . . . . .        25
     EIGENVALUE SOLUTION . . . . . . . . . . . . . .        27
     OUTPUT PHASE  . . . . . . . . . . . . . . . . .        19
     TOTAL SOLUTION TIME . . . . . . . . . . . . . .       241
